[  0.000000] Initializing cgroup subsys cpuset
[    0.000000] Initializing cgroup suys cpu
[    0.000000] Initializing cgroup subsys cpuacct
[    0.000000] Linux rson 4.40-3-geric (buildd@lgw01-amd64-029) (gcc version 5.4.0 20160609 (Ubuntu 5.4.0-6ubuntu1~16.0410) ) #159-Ubuntu SMP Fri Aug 10 07:31:43 UTC 2018 (Ubuntu 4.4.0-133.159-generic 4.4.134)
[    0.000000] Command line:OOIMGE=/otmlnuz-4.4.0-133-generic root=LABEL=cloudimg-rootfs ro console=tty1 console=ttyS0
[    0.000000] KERNEL supported cpus:
[    0.000000]   Intel GenuineIntel
[    0.000000]   AMD AuthenticAMD
[    0.000000]   Centaur CentaurHauls
[    0.000000] x86/fpu: xstate_offset[2]:  576, xstate_sizes[2]:  256
[    0.000000] x86/f: Supporting XSAVE feate 0x01: 'x87 floating point regists'[   0.00] x86/fpu: Supporting XSAVE feature 0x02: 'SSE registers'
[    0.000000] x86/fpu: Supporting XSAVE feature 0x04: 'AVX registers'
[    0.000000] x86/fpu: Enabled xste atures 07, contt sizis 832 bytes, using 'standard' format.
[    0.000000] x86/fpu: Using 'eager' FPU context switches.
[    0.000000] e820: BIOS-provided physical RAM map:
[    0.000000]BIOS-20[mm 0x00000000000x000000000009fbff] usable
[    0.000000] BIOS-e820: [mem 0x000000009fc-00000009ff]reseed[    000000] BIOS-e820: [mem 0x00000000000f0000-0x00000000000fffff] reserved
[    0.000000] BIOS-e820: [mem 0x0000000000100000-0x000000007ffeffff] usable
[    0.000000] BIOS-e820: [mem 0x000000007fff0000-0x000000007ffffff] ACPI data
[    0.000000] BIOS-e820: [mem 0x00000000fec00000-0x00000000fec00fff] reserved
[    0.000000] BIOS-e820: [mem 0x00000000fee00000-0x00000000fee00fff] reserved
[    0.000000] BIOS-e820: [mem 0x00000000fffc0000-0x00000000ffffffff] reserved
[    0.000000] NX (Execute Disable) protection: active
[    0.000000] SMBIOS 2.5 present.
[    0.000000] Hypervisor detected: KVM
[    0.000000] e820: last_pfn = 0x7fff0 max_arch_pfn = 0x400000000
[    0.000000] MTRR: Disabled
[    0.000000] x86/PAT: MTRRs disabled, skipping PAT initialization too.
[    0.000000] CPU MTRRs all blank - virtualized system.
[    0.000000] x86/PAT: Configuration [0-7]: WB  WT UC- UC  WB  WT  UC- UC  
[    0.000000] found SMP MP-table at [mem 0x0009fff0-0x0009ffff] mapped at [ffff88000009fff0]
[    0.000000] Scanning 1 areas for low memory corruption
[    0.000000] RAMDISK: [mem 0x3630c000-0x3717df]
[    0.000000] ACPI: Earl table checksum vefication disabled
[    0.000000] ACPI: RSDP 0x00000000000E0000 000024 (v02 VBOX  )
[    0.000000] ACPI: XSDT 0x000000007FFF0030 00003C (v01 VBOX   VBOXXSDT 00000001 ASL  00000061)
[    0.000000] ACPI: FACP 0x000000007FFF00F0 0000F4 (v04 VBOX   VBOXFACP 00000001 ASL  00000061)
[    0.000000] ACPI: DSDT 0x000000007FFF0470 0021FF (v02 VBOX   VBOXBIOS 00000002 INTL 20100528)
[    0.000000] ACPI: FACS 0x00000007FFF0200 000040
[    0.000000] ACPI: FACS 0x0000007FFF020 000040
[    0.000000] ACPI: APIC 0x000000007FFF0240 0005C (v02 VBOX   VBOXAPIC 00000001 ASL  00000061)
[    0.000000] ACPI: SSDT 0x000000007FFF02A0 0001CC (v01 VBOX   VBOXCPUT 000002 INTL 20100528)
[    0.000000] No NUMA configuration found
[    0.000000] Faking a node at [mem 0x0000000000000000-0x000000007ffeffff]
[    0.000000] NODE_DATA(0) allocated [mem 0x7ffeb000-0x7ffeffff]
[    0.000000] kvm-clock: Using msrs 4b564d01 an 4b564d00
[    0.000000] kvm-clock: cpu 0, msr 0:7ffe3001, primary cpu clock
[    0.000000] kvm-clock: using sched offset of 3530855062 cycles[    0.000000] clocksource: kvm-clock: mask: 0xffffffffffffffff max_cycles: 0x1cd42e4dffb, max_idle_ns: 881590591483 ns
[    0.000000] Zone ranges:
[    0.000000]   DMA      [mem 0x0000000000001000-0x0000000000ffffff]
[    0.000000]   DMA32    [mem 0x0000000001000000x000000007ffeffff]
[    0.000000]   Normal   empty
[    0.000000]   Device   empty
[    0.000000] Movable zone start for each node
[    0.000000] Early memory node ranges
[    0.000000]   node   0: [mem 0x0000000000001000-0x000000000009efff]
[    0.000000]   node   0: [mem 0x0000000000100000-0x000000007ffeffff]
[    0.000000] Initmem setup node 0 [mem 0x0000000000001000-0x000000007ffeffff]
[    0.000000] ACPI: PM-Timer IO Port: 0x4008
[    0.000000] IOAPIC[0]: apic_id 2, version 3 address 0xfec00000, GSI 0-23
[    0.000000] ACPI: INT_SRC_OVR (bus 0 bus_irq 0 global_irq 2 dfl dfl)
[    0.000000] ACPI: INT_SRC_OVR (bus 0 bus_irq 9 global_irq 9 low level)
[    0.000000] Using ACPI (MADT) for SMP configuration information
[    0.000000] smpboot: Allowing 2 CPUs, 0 hotplug CPUs
[    0.000000] PM: Registered nosave memory: [mem 0x00000000-0x00000fff]
[    0.000000] PM: Registered nosave memory: [mem 0x0009f000-0x0009ffff]
[    0.000000] PM: Registered nosave memory: [mem 0x000a0000-0x000effff]
[    0.000000] PM: Registered nosave memory: [mem 0x000f0000-0x000fffff]
[    0.000000] e820: [mem 0x80000000-0xfebfffff] available for PCI devices
[    0.000000] Booting paravirtualized kernel on KVM
[    0.000000] clocksource: refined-jiffies: mask: 0xffffffff max_cycles: 0xffffffff, max_idle_ns: 764551960211568 ns
[    0.000000] setup_percpu: NR_CPUS:512 nr_cpumask_bits:512 nr_cpu_ids:2 nr_node_ids:1
[    0.000000] PERCPU: Embedded 34 pages/cpu @ffff88007fc00000 s99544 r8192 d31528 u1048576
[    0.000000] PV qspinlock hash table entries: 256 (order 0, 4096 bytes)
[    0.000000] Built 1 zonelists in Node order, mobility grouping on.  Total pages: 515960
[    0.000000] Policy zone: DMA32
[    0.000000] Kernel command line: BOOT_IMAGE=/boot/vmlinuz-4.4.0-133-generic root=LABEL=cloudimg-rootfs ro console=tty1 console=ttyS0
[    0.000000] PID hash table entries: 4096 (order: 3, 32768 bytes)
[    0.000000] Memory: 2029904K/2096696K available (8550K kernel code, 1314K rwdata, 4004K rodata, 1528K init, 1316K bss, 66792K reserved, 0K cma-reserved)
[    0.000000] SLUB: HWalign=64, Order=0-3, MinObjects=0, CPUs=2, Nodes=1
[    0.000000] Kernel/User page tables isolation: enabled
[    0.000000] Hierarchical RCU implementation.
[    0.000000] 	Build-time adjustment of leaf fanout to 64.
[    0.000000] 	RCU restricti CPU from NR_CPUS=512 to nr_cpu_ids=2.
[    0.000000] RCU: Adjusting geometry for rcu_fanout_leaf=64, nr_cpu_ids=2
[    0.000000] NR_IRQS:33024 nr_irqs:440 16
[    0.000000] Console: colour VGA+ 80x25
[    0.000000] console [tty1] enabled
[    0.000000] console [ttyS0] enabled
[    0.000000] tsc: Detected 3599.994 MHz processor
[  13530] Calibrating delay loop (skipped) preset value.. 7199.98 BogoMIPS (lpj=14399976)
[    1.305657] pid_max: default: 32768 minimum: 301
[    1.306268] ACPI: Core revision 20150930
[    1.307491] ACPI: 2 ACPI AML tables successfully acquired and loaded
[    1.338561] Security Framework initialized
[    1.447288] Yama: becoming mindful.
[    1.509572] AppArmor: AppArmor initialized
[    1.528969] Dentry cache hash table entries: 262144 (order: 9, 2097152 bytes)
[    1.536256] Inode-cache hash table entries: 131072 (order: 8, 1048576 bytes)
[    1.572414] Mount-cache hash table entries: 4096 (order: 3, 32768 bytes)
[    1.619466] Mountpoint-cache hash table entries: 4096 (order: 3, 32768 bytes)
[    1.698201] Initializing cgroup subsys io
[    1.698839] Initializing cgroup subsys memory
[    1.785674] Initializing cgroup subsys devices
[    1.811922] Initializing cgroup subsys freezer
[    1.812514] Initializing cgroup subsys net_cls
[    1.819000] Initializing cgroup subsys perf_event
[    1.836995] Initializing cgroup subsys net_prio
[    1.837604] Initializing cgroup subsys hugetlb
[    1.838208] Initializing cgroup subsys pids
[    1.861963] mce: CPU supports 0 MCE banks
[    1.920131] Last level iTLB entries: 4KB 128, 2MB 8, 4MB 8
[    1.966417] Last level dTLB entries: 4KB 64, 2MB 0, 4MB 0, 1GB 4
[    1.972925] Spectre V2 : Mitigation: Full generic retpoline
[    1.973618] Spectre V2 : Speculation control IBPB not-supported IBRS not-supported
[    2.067976] Spectre V2 : Filling RSB on context switch
[    2.134375] Speculative Store Bypass: Vulnerable
[    2.138158] Freeing SMP alternatives memory: 32K
[    2.145568] ftrace: allocating 32262 entries in 127 pages
[    2.221574] smpboot: APIC(0) Converting physical 0 to logical package 0
[    2.234470] smpboot: Max logical packages: 1
[    2.295894] x2apic enabled
[    2.302444] Switched APIC routing to physical x2apic.
[    2.303961] ..TIMER: vector=0x30 apic1=0 pin1=2 apic2=-1 pin2=-1
[    2.411178] smpboot: CPU0: Intel(R) Core(TM) i5-8600K CPU @ 3.60GHz (family: 0x6, model: 0x9e, stepping: 0xa)
[    2.424520] Performance Events: unsupported p6 CPU model 158 no PMU driver, software events only.
[    2.460512] KVM setup paravirtual spinlock
[    2.553347] x86: Booting SMP configuration:
[    2.623539] .... node  #0, CPUs:      #1
[    2.624219] kvm-clock: cpu 1, msr 0:7ffe3041, secondary cpu clock
[    2.625636] mce: CPU supports 0 MCE banks
[    2.627988] x86: Booted up 1 node, 2 CPUs
[    2.670769] smpboot: Total of 2 processors activated (14399.97 BogoMIPS)
[    2.684479] devtmpfs: initialized
[    2.752019] evm: security.selinux
[    2.847599] evm: security.SMACK64
[    2.924781] evm: security.SMACK64EXEC
[    2.992329] evm: security.SMACK64TRANSMUTE
[    2.998933] evm: security.SMACK64MMAP
[    3.025031] evm: security.ima
[    3.065598] evm: security.capability
[    3.066366] clocksource: jiffies: mask: 0xffffffff max_cycles: 0xffffffff, max_idle_ns: 7645041785100000 ns
[    3.069130] futex hash table entries: 512 (order: 3, 32768 bytes)
[    3.071538] pinctrl core: initialized pinctrl subsystem
[    3.077617] RTC time: 14:03:30, date: 07/22/19
[    3.103449] NET: Registered protocol family 16
[    3.139723] cpuidle: using governor ladder
[    3.152191] cpuidle: using governor menu
[    3.152786] PCCT header not found.
[    3.209184] ACPI: bus type PCI registered
[    3.308872] acpiphp: ACPI Hot Plug PCI Controller Driver version: 0.5
[    3.328123] PCI: Using configuration type 1 for base access
[    3.375880] ACPI: Added _OSI(Module Device)
[    3.376480] ACPI: Added _OSI(Processor Device)
[    3.388114] ACPI: Added _OSI(3.0 _SCP Extensions)
[    3.419498] ACPI: Added _OSI(Processor Aggregator Device)
[    3.425067] ACPI: Executed 1 blocks of module-level executable AML code
[    3.429282] ACPI: Interpreter enabled
[    3.429998] ACPI: (supports S0 S5)
[    3.430627] ACPI: Using IOAPIC for interrupt routing
[    3.431568] PCI: Using host bridge windows from ACPI; if necessary, use "pci=nocrs" and report a bug
[    3.456207] ACPI: PCI Root Bridge [PCI0] (domain 0000 [bus 00-ff])
[    3.457004] acpi PNP0A03:00: _OSC: OS supports [ASPM ClockPM Segments MSI]
[    3.531622] acpi PNP0A03:00: _OSC: not requesting OS control; OS requires [ExtendedConfig ASPM ClockPM MSI]
[    3.572357] acpi PNP0A03:00: fail to add MMCONFIG information, can't access extended PCI configuration space under this bridge.
[    3.619219] PCI host bridge to bus 0000:00
[    3.620875] pci_bus 0000:00: root bus resource [io  0x0000-0x0cf7 window]
[    3.621731] pci_bus 0000:00: root bus resource [io  0x0d00-0xffff window]
[    3.622562] pci_bus 0000:00: root bus resource [mem 0x000a0000-0x000bffff window]
[    3.623618] pci_bus 0000:00: root bus resource [mem 0x80000000-0xfdffffff window]
[    3.624629] pci_bus 0000:00: root bus resource [bus 00-ff]
[    3.626545] pci 0000:00:01.1: legacy IDE quirk: reg 0x10: [io  0x01f0-0x01f7]
[    3.633456] pci 0000:00:01.1: legacy IDE quirk: reg 0x14: [io  0x03f6]
[    3.634298] pci 0000:00:01.1: legacy IDE quirk: reg 0x18: [io  0x0170-0x0177]
[    3.678461] pci 0000:00:01.1: legacy IDE quirk: reg 0x1c: [io  0x0376]
[    3.733969] pci 0000:00:07.0: quirk: [io  0x4000-0x403f] claimed by PIIX4 ACPI
[    3.772763] pci 0000:00:07.0: quirk: [io  0x4100-0x410f] claimed by PIIX4 SMB
[    3.861848] ACPI: PCI Interrupt Link [LNKA] (IRQs 5 9 10 *11)
[    3.876783] ACPI: PCI Interrupt Link [LNKB] (IRQs 5 9 *10 11)
[    3.921660] ACPI: PCI Interrupt Link [LNKC] (IRQs 5 *9 10 11)
[    3.924801] ACPI: PCI Interrupt Link [LNKD] (IRQs 5 9 10 *11)
[    3.925901] ACPI: Enabled 2 GPEs in block 00 to 07
[    3.926873] vgaarb: setting as boot device: PCI:0000:00:02.0
[    3.940580] vgaarb: device added: PCI:0000:00:02.0,decodes=io+mem,owns=io+mem,locks=none
[    3.953689] vgaarb: loaded
[    3.954131] vgaarb: bridge control possible 0000:00:02.0
[    3.960572] SCSI subsystem initialized
[    3.961228] ACPI: bus type USB registered
[    3.961803] usbcore: registered new interface driver usbfs
[    3.962493] usbcore: registered new interface driver hub
[    3.975221] usbcore: registered new device driver usb
[    3.981694] PCI: Using ACPI for IRQ routing
[    3.982499] NetLabel: Initializing
[    3.983008] NetLabel:  domain hash size = 128
[    3.996830] NetLabel:  protocols = UNLABELED CIPSOv4
[    3.997501] NetLabel:  unlabeled traffic allowed by default
[    4.004281] amd_nb: Cannot enumerate AMD northbridges
[    4.004982] clocksource: Switched to clocksource kvm-clock
[    4.010507] AppArmor: AppArmor Filesystem Enabled
[    4.011185] pnp: PnP ACPI init
[    0194pn P AI:ou 3eves
[  4638]locksource: acpi_pm: mask: 0xffffff max_cycles: 0xffffff, max_idle_ns: 2085701024 ns
[    4.624710] NET: Registered protocol family 2

[    4.625468] TCP established hash table entries: 16384 (order: 5, 131072 bytes)
[    4.626486] TCP bind hash table entries: 16384 (order: 6, 262144 bytes)
[    4.633454] TC Hash taesonfired (established 16384 bind 16384)
[    4.794756] UDP hash table entries: 1024 (order: 3, 32768 bytes)
[    4.795499] UDP-Lite hash table entries: 1024 (order: 3, 32768 bytes)
[    4.796298] NET: Registered protocol family 1
[  4.796891] pci 0000:00:00.0: Limiting direct PCI/PCI transfers
[    4.837519] pc 00::00:ctatg A A ngorrounds
[    5.300093] Unpacking initramfs...

[    5.455473] Freeing initrd memory: 14792K
[    5.462017] platform rtc_cmos: registered platform RTC device (no PNP device found)
[    5.463080] Scanning for low memory corruption every 60 seconds
[    5.482287] audit: initializing netlink subsys (disabled)
[    5.489091] audit: type=2000 audit(1563804214.816:1): initialized
[    5.501561] Initialise system trusted keyring
[    5.502387] HugeTLB registered 2 MB page size, pre-allocated 0 pages
[    5.504076] zbud: loaded
[    5.504802] VFS: Disk quotas dquot_6.6.0
[    5.505412] VFS: Dquot-cache hash table entries: 512 (order 0, 4096 bytes)
[    5.506393] squashfs: version 4.0 (2009/01/31) Phillip Lougher
[    5.625997] fuse init (API version 7.23)
[    5.686943] Key type big_key registered
[    5.690958] Allocating IMA MOK and blacklist keyrings.
[    5.714850] Key type asymmetric registered
[    5.715496] Asymmetric key parser 'x509' registered
[    5.716310] Block layer SCSI generic (bsg) driver version 0.4 loaded (major 249)
[    5.717584] io scheduler noop registered
[    5.718345] io scheduler deadline registered (default)
[    5.719228] io scheduler cfq registered
[    5.720087] pci_hotplug: PCI Hot Plug PCI Core version: 0.5
[    5.738740] pciehp: PCI Express Hot Plug Controller Driver version: 0.4
[    5.753663] ACPI: AC Adapter [AC] (on-line)
[    5.772538] input: Power Button as /devices/LNXSYSTM:00/LNXPWRBN:00/input/input0
[    5.779334] ACPI: Power Button [PWRF]
[    5.785650] input: Sleep Button as /devices/LNXSYSTM:00/LNXSLPBN:00/input/input1
[    5.786676] ACPI: Sleep Button [SLPF]
[    5.787474] GHES: HEST is not enabled!
[    5.788195] Serial: 8250/16550 driver, 32 ports, IRQ sharing enabled
[    5.811904] 00:02: ttyS0 at I/O 0x3f8 (irq = 4, base_baud = 115200) is a 16550A
[    5.821204] Linux agpgart interface v0.103
[    5.824509] loop: module loaded
[    5.831284] scsi host0: ata_piix
[    5.831869] scsi host1: ata_piix
[    5.832373] ata1: PATA max UDMA/33 cmd 0x1f0 ctl 0x3f6 bmdma 0xd000 irq 14
[    5.833217] ata2: PATA max UDMA/33 cmd 0x170 ctl 0x376 bmdma 0xd008 irq 15
[    5.834140] libphy: Fixed MDIO Bus: probed
[    5.834723] tun: Universal TUN/TAP device driver, 1.6
[    5.835391] tun: (C) 1999-2004 Max Krasnyansky <maxk@qualcomm.com>
[    5.836309] PPP generic driver version 2.4.2
[    5.836994] ehci_hcd: USB 2.0 'Enhanced' Host Controller (EHCI) Driver
[    5.837951] ehci-pci: EHCI PCI platform driver
[    5.841875] ehci-platform: EHCI generic platform driver
[    5.848756] ohci_hcd: USB 1.1 'Open' Host Controller (OHCI) Driver
[    5.849718] ohci-pci: OHCI PCI platform driver
[    5.853333] ohci-platform: OHCI generic platform driver
[    5.854015] uhci_hcd: USB Universal Host Controller Interface driver
[    5.854883] i8042: PNP: PS/2 Controller [PNP0303:PS2K,PNP0f03:PS2M] at 0x60,0x64 irq 1,12
[    5.856363] serio: i8042 KBD port at 0x60,0x64 irq 1
[    5.858392] serio: i8042 AUX port at 0x60,0x64 irq 12
[    5.859197] mousedev: PS/2 mouse device common for all mice
[    5.860204] input: AT Translated Set 2 keyboard as /devices/platform/i8042/serio0/input/input2
[    5.861681] rtc_cmos rtc_cmos: rtc core: registered rtc_cmos as rtc0
[    5.862491] rtc_cmos rtc_cmos: alarms up to one day, 114 bytes nvram
[    5.863419] i2c /dev entries driver
[    5.864006] device-mapper: uevent: version 1.0.3
[    5.864724] device-mapper: ioctl: 4.34.0-ioctl (2015-10-28) initialised: dm-devel@redhat.com
[    5.871918] ledtrig-cpu: registered to indicate activity on CPUs
[    5.873063] NET: Registered protocol family 10
[    5.873784] NET: Registered protocol family 17
[    5.874384] Key type dns_resolver registered
[    5.875240] registered taskstats version 1
[    5.875807] Loading compiled-in X.509 certificates
[    5.876825] Loaded X.509 cert 'Build time autogenerated kernel key: 2bd7eec8ea2fedbeeda78e0b663eb647cf617c40'
[    5.878165] zswap: loaded using pool lzo/zbud
[    5.880098] Key type trusted registered
[    5.883846] Key type encrypted registered
[    5.884434] AppArmor: AppArmor sha1 policy hashing enabled
[    5.885192] ima: No TPM chip found, activating TPM-bypass!
[    5.885883] ima: Allocated hash algorithm: sha1
[    5.886490] evm: HMAC attrs: 0x1
[    5.887212]   Magic number: 11:656:81
[    5.889342] rtc_cmos rtc_cmos: setting system clock to 2019-07-22 14:03:33 UTC (1563804213)
[    5.890536] BIOS EDD facility v0.16 2004-Jun-25, 0 devices found
[    5.891269] EDD information not available.
[    5.989930] Freeing unused kernel memory: 1528K
[    6.607810] tsc: Refined TSC clocksource calibration: 3599.879 MHz
[    7.407565] clocksource: tsc: mask: 0xffffffffffffffff max_cycles: 0x33e3e1411d5, max_idle_ns: 440795267229 ns
[    7.407630] Write protecting the kernel read-only data: 14336k
[    7.567356] Freeing unused kernel memory: 1676K
[    7.620907] Freeing unused kernel memory: 92K
Loading, please wait...
starting version[    7.630006] random: systemd-udevd: uninitialized urandom read (16 bytes read, 5 bits of entropy available)
 229
[    7.630467] random: udevadm: uninitialized urandom read (16 bytes read, 5 bits of entropy available)
[    7.630480] random: udevadm: uninitialized urandom read (16 bytes read, 5 bits of entropy available)
[    7.635785] random: udevadm: uninitialized urandom read (16 bytes read, 5 bits of entropy available)
[    7.635814] random: udevadm: uninitialized urandom read (16 bytes read, 5 bits of entropy available)
[    7.635904] random: udevadm: uninitialized urandom read (16 bytes read, 5 bits of entropy available)
[    7.635935] random: udevadm: uninitialized urandom read (16 bytes read, 5 bits of entropy available)
[    7.635982] random: udevadm: uninitialized urandom read (16 bytes read, 5 bits of entropy available)
[    7.636017] random: udevadm: uninitialized urandom read (16 bytes read, 5 bits of entropy available)
[    7.636047] random: udevadm: uninitialized urandom read (16 bytes read, 5 bits of entropy available)
[    8.109927] e1000: Intel(R) PRO/1000 Network Driver - version 7.3.21-k8-NAPI
[    8.125526] e1000: Copyright (c) 1999-2006 Intel Corporation.
[    8.129574] Fusion MPT base driver 3.04.20
[    8.159722] Copyright (c) 1999-2008 LSI Corporation
[    8.212765] Fusion MPT SPI Host driver 3.04.20
[    8.228773] AVX2 version of gcm_enc/dec engaged.
[    8.332179] AES CTR mode by8 optimization enabled
[    8.434021] input: ImExPS/2 Generic Explorer Mouse as /devices/platform/i8042/serio1/input/input4
[    8.652036] e1000 0000:00:03.0 eth0: (PCI:33MHz:32-bit) 02:48:3e:15:b5:0c
[    8.688073] e1000 0000:00:03.0 eth0: Intel(R) PRO/1000 Network Connection
[    9.276360] e1000 0000:00:08.0 eth1: (PCI:33MHz:32-bit) 08:00:27:3c:b2:68
[    9.284680] e1000 0000:00:08.0 eth1: Intel(R) PRO/1000 Network Connection
[    9.286215] mptbase: ioc0: Initiating bringup
[    9.286634] e1000 0000:00:08.0 enp0s8: renamed from eth1
[    9.317336] e1000 0000:00:03.0 enp0s3: renamed from eth0
[    9.373406] ioc0: LSI53C1030 A0: Capabilities={Initiator}
[    9.534901] scsi host2: ioc0: LSI53C1030 A0, FwRev=00000000h, Ports=1, MaxQ=256, IRQ=20
[    9.661449] scsi 2:0:0:0: Direct-Access     VBOX     HARDDISK         1.0  PQ: 0 ANSI: 5
[    9.680664] scsi target2:0:0: Beginning Domain Validation
[    9.682809] scsi target2:0:0: Domain Validation skipping write tests
[    9.745116] scsi target2:0:0: Ending Domain Validation
[    9.785080] scsi target2:0:0: asynchronous
[    9.786352] scsi 2:0:1:0: Direct-Access     VBOX     HARDDISK         1.0  PQ: 0 ANSI: 5
[    9.835525] scsi target2:0:1: Beginning Domain Validation
[    9.843639] scsi target2:0:1: Domain Validation skipping write tests
[    9.883433] scsi target2:0:1: Ending Domain Validation
[    9.974240] scsi target2:0:1: asynchronous
[   10.003809] sd 2:0:0:0: [sda] 20971520 512-byte logical blocks: (10.7 GB/10.0 GiB)
[   10.223735] sd 2:0:0:0: Attached scsi generic sg0 type 0
[   10.304378] sd 2:0:0:0: [sda] Write Protect is off
[   10.304378] sd 2:0:1:0: [sdb] 20480 512-byte logical blocks: (10.5 MB/10.0 MiB)
[   10.304392] sd 2:0:1:0: Attached scsi generic sg1 type 0
[   10.396134] sd 2:0:1:0: [sdb] Write Protect is off
[   10.439460] sd 2:0:0:0: [sda] Incomplete mode parameter data
[   10.463930] sd 2:0:0:0: [sda] Assuming drive cache: write through
[   10.464927] sd 2:0:1:0: [sdb] Incomplete mode parameter data
[   10.496255] sd 2:0:1:0: [sdb] Assuming drive cache: write through
[   10.499733]  sda: sda1
[   10.519184] sd 2:0:0:0: [sda] Attached SCSI disk
[   10.526373] sd 2:0:1:0: [sdb] Attached SCSI disk
Begin: Loading e[   11.781703] md: linear personality registered for level -1
ssential drivers ... [   11.819801] md: multipath personality registered for level -4
[   11.869352] md: raid0 personality registered for level 0
[   11.878934] md: raid1 personality registered for level 1
[   11.953289] raid6: sse2x1   gen() 13988 MB/s
[   12.093162] raid6: sse2x1   xor() 10381 MB/s
[   12.217039] raid6: sse2x2   gen() 16892 MB/s
[   12.333300] raid6: sse2x2   xor() 10631 MB/s
[   12.413011] raid6: sse2x4   gen() 19422 MB/s
[   12.493229] raid6: sse2x4   xor() 12957 MB/s
[   12.577006] raid6: avx2x1   gen() 24746 MB/s
[   12.645114] raid6: avx2x2   gen() 31526 MB/s
[   12.713330] raid6: avx2x4   gen() 36505 MB/s
[   12.793848] raid6: using algorithm avx2x4 gen() 36505 MB/s
[   12.841682] raid6: using avx2x2 recovery algorithm
[   12.856216] xor: automatically using best checksumming function:
[   12.893309]    avx       : 30777.000 MB/sec
[   12.894640] async_tx: api initialized (async)
[   12.934123] md: raid6 personality registered for level 6
[   12.947411] md: raid5 personality registered for level 5
[   12.959544] md: raid4 personality registered for level 4
[   12.964067] md: raid10 personality registered for level 10
done.
Begin: Running /scripts/init-premount ... done.
Begin: Mounting root file system ... Begin: Running /scripts/local-top ... done.
Begin: Running /scripts/local-pr[   12.984837] Btrfs loaded
emount ... Scanning for Btrfs filesystems
[   13.088490] EXT4-fs (sda1): mounted filesystem with ordered data mode. Opts: (null)
done.
Warning: fsck not present, so skipping root file system
done.
Begin: Running /scripts/local-bottom ... done.
Begin: Running /scripts/init-bottom ... done.
[   13.236590] systemd[1]: systemd 229 running in system mode. (+PAM +AUDIT +SELINUX +IMA +APPARMOR +SMACK +SYSVINIT +UTMP +LIBCRYPTSETUP +GCRYPT +GNUTLS +ACL +XZ -LZ4 +SECCOMP +BLKID +ELFUTILS +KMOD -IDN)
[   13.244405] systemd[1]: Detected virtualization oracle.
[   13.293419] systemd[1]: Detected architecture x86-64.

Welcome to [1mUbuntu 16.04.5 LTS[0m!

[   13.332432] systemd[1]: Set hostname to <ubuntu>.
[   13.342187] systemd[1]: Initializing machine ID from random generator.
[   13.343069] systemd[1]: Installed transient /etc/machine-id file.
[   13.434568] systemd[1]: Reached target System Time Synchronized.
[[0;32m  OK  [0m] Reached target System Time Synchronized.
[   13.436131] systemd[1]: Reached target Encrypted Volumes.
[[0;32m  OK  [0m] Reached target Encrypted Volumes.
[   13.453310] systemd[1]: Set up automount Arbitrary Executable File Formats File System Automount Point.
[[0;32m  OK  [0m] Set up automount Arbitrary Executab...ats File System Automount Point.
[   13.505842] systemd[1]: Created slice User and Session Slice.
[[0;32m  OK  [0m] Created slice User and Session Slice.
[   13.581173] systemd[1]: Listening on Device-mapper event daemon FIFOs.
[[0;32m  OK  [0m] Listening on Device-mapper event daemon FIFOs.
[   13.651100] systemd[1]: Reached target User and Group Name Lookups.
[[0;32m  OK  [0m] Reached target User and Group Name Lookups.
[   13.653783] systemd[1]: Listening on LVM2 poll daemon socket.
[[0;32m  OK  [0m] Listening on LVM2 poll daemon socket.
[   13.693418] systemd[1]: Listening on Journal Socket (/dev/log).
[[0;32m  OK  [0m] Listening on Journal Socket (/dev/log).
[   13.704020] systemd[1]: Listening on Syslog Socket.
[[0;32m  OK  [0m] Listening on Syslog Socket.
[   13.716004] systemd[1]: Listening on udev Kernel Socket.
[[0;32m  OK  [0m] Listening on udev Kernel Socket.
[   13.724832] systemd[1]: Started Trigger resolvconf update for networkd DNS.
[[0;32m  OK  [0m] Started Trigger resolvconf update for networkd DNS.
[   13.726547] systemd[1]: Listening on /dev/initctl Compatibility Named Pipe.
[[0;32m  OK  [0m] Listening on /dev/initctl Compatibility Named Pipe.
[   13.734428] systemd[1]: Listening on Journal Audit Socket.
[[0;32m  OK  [0m] Listening on Journal Audit Socket.
[   13.854902] systemd[1]: Started Forward Password Requests to Wall Directory Watch.
[[0;32m  OK  [0m] Started Forward Password Requests to Wall Directory Watch.
[   13.862816] systemd[1]: Reached target Swap.
[[0;32m  OK  [0m] Reached target Swap.
[   13.897112] systemd[1]: Listening on LVM2 metadata daemon socket.
[[0;32m  OK  [0m] Listening on LVM2 metadata daemon socket.
[   13.985480] systemd[1]: Listening on udev Control Socket.
[[0;32m  OK  [0m] Listening on udev Control Socket.
[   13.992732] systemd[1]: Listening on Journal Socket.
[[0;32m  OK  [0m] Listening on Journal Socket.
[   13.994190] systemd[1]: Created slice System Slice.
[[0;32m  OK  [0m] Created slice System Slice.
[   14.013547] systemd[1]: Starting Uncomplicated firewall...
         Starting Uncomplicated firewall...
[   14.065222] systemd[1]: Starting Monitoring of LVM2 mirrors, snapshots etc. using dmeventd or progress polling...
         Starting Monitoring of LVM2 mirrors... dmeventd or progress polling...
[   14.123013] systemd[1]: Mounting POSIX Message Queue File System...
         Mounting POSIX Message Queue File System...
[   14.126252] systemd[1]: Starting Remount Root and Kernel File Systems...
         Starting Remount Root and Kernel File Systems...
[   14.129281] systemd[1]: Starting Journal Service...
[   14.131959] EXT4-fs (sda1): re-mounted. Opts: (null)
         Starting Journal Service...
[   14.209582] systemd[1]: Starting Set console keymap...
[   14.210815] random: nonblocking pool is initialized
         Starting Set console keymap...
[   14.241641] systemd[1]: Reached target Slices.
[[0;32m  OK  [0m] Reached target Slices.
[   14.341514] systemd[1]: Starting Create list of required static device nodes for the current kernel...
         Starting Create list of required st... nodes for the current kernel...
[   14.513173] systemd[1]: Mounting Huge Pages File System...
         Mounting Huge Pages File System...
[   14.573284] systemd[1]: Mounting Debug File System...
         Mounting Debug File System...
[   14.717122] systemd[1]: Starting Nameserver information manager...
         Starting Nameserver information manager...
[   14.941327] systemd[1]: Starting Load Kernel Modules...
         Startin[   15.008996] Loading iSCSI transport class v2.0-870.
g Load Kernel Modules...
[   15.035107] systemd[1]: Created slice system-serial\x2dgetty.slice.
[[0;32m  OK  [0m] Created slice system-serial\x2dgetty.slice.
[   15.115041] iscsi: registered transport (tcp)
[   15.115212] systemd[1]: Mounted Debug File System.
[[0;32m  OK  [0m] Mounted Debug File System.
[   15.152180] systemd[1]: Mounted POSIX Message Queue File System.
[[0;32m  OK  [0m] Mounted POSIX Message Queue File System.
[   15.161226] systemd[1]: Mounted Huge Pages File System.
[[0;32m  OK  [0m] Mounted Huge Pages File System.
[   15.162615] systemd[1]: Started Journal Service.
[[0;32m  OK  [0m] Started Journal Service.
[[0;32m  OK  [0m] Started Uncomplicated firewall.
[[0;32m  OK  [0m] Started Remount Root and Kernel File Systems.
[[0;32m  OK  [0m] Started Set console keymap.
[[0;32m  OK  [0m] Started Create list of required sta...ce nodes for the current kernel.
[   15.183577] iscsi: registered transport (iser)
[[0;32m  OK  [0m] Started Load Kernel Modules.
[[0;32m  OK  [0m] Started Nameserver information manager.
[[0;32m  OK  [0m] Started LVM2 metadata daemon.
         Starting Apply Kernel Variables...
         Mounting FUSE Control File System...
         Starting Create Static Device Nodes in /dev...
         Starting udev Coldplug all Devices...
         Starting Load/Save Random Seed...
         Starting Flush Journal to Persistent Storage...
[[0;32m  OK  [0m] Mounted FUSE Control File System.
[[0;32m  OK  [0m] Started Monitoring of LVM2 mirrors,...ng dmeventd or progress polling.
[[0;32m  OK  [0m] Started Apply Kernel Variables.
[[0;32m  OK  [0m] Started Create Static Device Nodes in /dev.
[[0;32m  OK  [0m] Started Load/Save Random Seed.
[[0;32m  OK  [0m] Started udev Coldplug all Devices.
         Starting udev Kernel Device Manager...
[[0;32m  OK  [0m] Started Flush Journal to Persistent Storage.
[[0;32m  OK  [0m] Started udev Kernel Device Manager.
[[0;32m  OK  [0m] Reached target Local File Systems (Pre).
[[0;32m  OK  [0m] Reached target Local File Systems.
         Starting Commit a transient machine-id on disk...
         Starting Initial cloud-init job (pre-networking)...
         Starting LSB: AppArmor initialization...
         Starting Set console font and keymap...
         Starting Create Volatile Files and Directories...
         Starting Tell Plymouth To Write Out Runtime Data...
[[0;32m  OK  [0m] Started Dispatch Password Requests to Console Directory Watch.
[[0;32m  OK  [0m] Started Create Volatile Files and Directories.
         Starting Update UTMP about System Boot/Shutdown...
[[0;32m  OK  [0m] Started Commit a transient machine-id on disk.
[[0;32m  OK  [0m] Started Tell Plymouth To Write Out Runtime Data.
[[0;32m  OK  [0m] Started Update UTMP about System Boot/Shutdown.
[[0;32m  OK  [0m] Found device /dev/ttyS0.
[[0;32m  OK  [0m] Listening on Load/Save RF Kill Switch Status /dev/rfkill Watch.
[   13.165866] cloud-init[471]: Cloud-init v. 18.3-9-g2e62cb8a-0ubuntu1~16.04.2 running 'init-local' at Mon, 22 Jul 2019 14:03:44 +0000. Up 12.94 seconds.
[[0;32m  OK  [0m] Started LSB: AppArmor initialization.
[[0;32m  OK  [0m] Started Set console font and keymap.
[[0;32m  OK  [0m] Started Initial cloud-init job (pre-networking).
[[0;32m  OK  [0m] Reached target Network (Pre).
[[0;32m  OK  [0m] Created slice system-getty.slice.
         Starting Raise network interfaces...
[[0;32m  OK  [0m] Started Raise network interfaces.
[[0;32m  OK  [0m] Reached target Network.
         Starting Initial cloud-init job (metadata service crawler)...
[   14.203730] cloud-init[935]: Cloud-init v. 18.3-9-g2e62cb8a-0ubuntu1~16.04.2 running 'init' at Mon, 22 Jul 2019 14:03:44 +0000. Up 13.73 seconds.
[   14.396675] cloud-init[935]: ci-info: ++++++++++++++++++++++++++++++++++++++Net device info+++++++++++++++++++++++++++++++++++++++
[   14.396863] cloud-init[935]: ci-info: +--------+-------+----------------------------+---------------+--------+-------------------+
[   14.396955] cloud-init[935]: ci-info: | Device |   Up  |          Address           |      Mask     | Scope  |     Hw-Address    |
[   14.397053] cloud-init[935]: ci-info: +--------+-------+----------------------------+---------------+--------+-------------------+
[   14.397142] cloud-init[935]: ci-info: | enp0s3 |  True |         10.0.2.15          | 255.255.255.0 | global | 02:48:3e:15:b5:0c |
[[0;32m  OK  [0m] Started Initial cloud-init job (metadata service crawler).
[   14.397246] cloud-init[935]: ci-info: | enp0s3 |  True | fe80::48:3eff:fe15:b50c/64 |       .       |  link  | 02:48:3e:15:b5:0c |
[   14.795041] cloud-init[935]: ci-info: | enp0s8 | False |             .              |       .       |   .    | 08:00:27:3c:b2:68 |
[   14.795237] cloud-init[935]: ci-info: |   lo   |  True |         127.0.0.1          |   255.0.0.0   |  host  |         .         |
[   14.795338] cloud-init[935]: ci-info: |   lo   |  True |          ::1/128           |       .       |  host  |         .         |
[   14.795529] cloud-init[935]: ci-info: +--------+-------+----------------------------+---------------+--------+-------------------+
[   14.795622] cloud-init[935]: ci-info: +++++++++++++++++++++++++++Route IPv4 info++++++++++++++++++++++++++++
[   14.795710] cloud-init[935]: ci-info: +-------+-------------+----------+---------------+-----------+-------+
[   14.795801] cloud-init[935]: ci-info: | Route | Destination | Gateway  |    Genmask    | Interface | Flags |
[   14.795895] cloud-init[935]: ci-info: +-------+-------------+----------+---------------+-----------+-------+
[[0;32m  OK  [0m] Reached target Network is Online.
[   14.796113] cloud-init[935]: ci-info: |   0   |   0.0.0.0   | 10.0.2.2 |    0.0.0.0    |   enp0s3  |   UG  |
[   15.022419] cloud-init[935]: ci-info: |   1   |   10.0.2.0  | 0.0.0.0  | 255.255.255.0 |   enp0s3  |   U   |
[   15.037451] cloud-init[935]: ci-info: +-------+-------------+----------+---------------+-----------+-------+
[   15.037635] cloud-init[935]: ci-info: +++++++++++++++++++Route IPv6 info+++++++++++++++++++
[   15.037721] cloud-init[935]: ci-info: +-------+-------------+---------+-----------+-------+
[   15.037811]          cloud-initStarting iSCSI initiator daemon (iscsid)...[935]: 
ci-info: | Route | Destination | Gateway | Interface | Flags |
[   15.038407] cloud-init[935]: ci-info: +-------+-------------+---------+-----------+-------+
[   15.042231] cloud-init[935]: ci-info: |   0   |  fe80::/64  |    ::   |   enp0s3  |   U   |
[   15.042473] cloud-init[935]: ci-info: |   3   |   ff00::/8  |    ::   |   enp0s3  |   U   |
[   15.042531] cloud-init[935]: ci-info: +-------+-------------+---------+-----------+-------+
[   15.042687] cloud-init[935]: Generating public/private rsa key pair.
[   15.042782] cloud-init[935]: Your identification has been saved in /etc/ssh/ssh_host_rsa_key.
[   15.042893] cloud-init[935]: Your public key has been saved in /etc/ssh/ssh_host_rsa_key.pub.
[   15.043008] cloud-init[935]: The key fingerprint is:
[[0;32m  OK  [0m] Reached target Cloud-config availability.
[[   15.043159] cloud-init[935]: SHA256:zX4Zn+7mzsqDUp8UIeNU4INcmmYWe2TjhnZBzwqwe/c root@ubuntu-xenial
[   15.130105] cloud-init[935]: The key's randomart image is:
[   15.130158] cloud-init[935]: +---[RSA 2048]----+
[   15.130346] cloud-init[935]: |      . ..Oo.    |
[   15.130433] cloud-init[935]: |       + &+=.    |
[   15.130525] cloud-init[935]: |      . &oBoo.   |
[   15.130617] cloud-init[935]: |       * B.o.    |
[   15.130727] cloud-init[935]: |      . S = ..   |
[   15.130829] cloud-init[935]: |       . o...+ . |
[   15.130939] cloud-init[935]: |         ..+E.o  |
[   15.131034] cloud-init[935]: |        . .o+o.  |
[   15.131139] cloud-init[935]: |         .  oB*  |
[   15.131273] cloud-init[935]: +----[SHA256]-----+
[   15.131355] cloud-init[935]: Generating public/private dsa key pair.
[   15.131448] cloud-init[935]: Your identification has been saved in /etc/ssh/ssh_host_dsa_key.
[   15.131540] cloud-init[935]: Your public key has been saved in /etc/ssh/ssh_host_dsa_key.pub.
[   15.131632] cloud-init[935]: The key fingerprint is:
[   15.131892] cloud-init[935]: SHA256:anIykbzEyzdny9ks0sj0zyZCn1NowpLzvyu7vBq5yH8 root@ubuntu-xenial
[   15.131973] cloud-init[935]: The key's randomart image is:
[   15.132168] cloud-init[935]: +---[DSA 1024]----+
[   15.132282] cloud-init[935]: |                 |
[   15.132365] cloud-init[935]: |                 |
[   15.132456] cloud-init[935]: |                 |
[   15.132549] cloud-init[935]: |   o .           |
[   15.132640] cloud-init[935]: |    *o  S.       |
[   15.132752] cloud-init[935]: |   o+==.o .      |
[   15.132840] cloud-init[935]: |    XB*Boo       |
[   15.132936] cloud-init[935]: | . . @E=O*.      |
[   15.133027] cloud-init[935]: |  o.+o=OBO=      |
[   15.133118] cloud-init[935]: +----[SHA256]-----+
[   15.133232] cloud-init[935]: Generating public/private ecdsa key pair.
[   15.133330] cloud-init[935]: Your identification has been saved in /etc/ssh/ssh_host_ecdsa_key.
[   15.133427] cloud-init[935]: Your public key has been saved in /etc/ssh/ssh_host_ecdsa_key.pub.
[   15.133528] cloud-init[935]: The key fingerprint is:
[0;32m  OK  [0m] Reached target System Initialization.
[[   15.133552] cloud-init[935]: SHA256:5olvlX2B91ows8T07TRk+rE42fDlToK0DvUN1NTkd0k root@ubuntu-xenial
[   15.481693] cloud-init[935]: The key's randomart image is:
[   15.481759] cloud-init[935]: +---[ECDSA 256]---+
[   15.481846] cloud-init[935]: |               E+|
[   15.481938] cloud-init[935]: |              +++|
[   15.482035] cloud-init[935]: |             =+o=|
[   15.482124] cloud-init[935]: |            +oXoB|
[0;32m  OK  [0m] Listening on D-Bus System Message Bus Socket.
[   15.482262] cloud-init[935]: |        S  = *B&=|
[   15.545792] cloud-init[935]: |       + .+ ++==B|
[   15.546011] cloud-init[935]: |      . o. o ..* |
[   15.546100] cloud-init[935]: |       ..   . . .|
[   15.546190] cloud-init[935]: |       ..        |
[   15.546282] cloud-init[935]: +----[SHA256]-----+
[   15.546375] cloud-init[935]: Generating public/private ed25519 key pair.
[   15.546568] cloud-init[935]: Your identification has been saved in /etc/ssh/ssh_host_ed25519_key.
[   15.546657] cloud-init[935]: Your public key has been saved in /etc/ssh/ssh_host_ed25519_key.pub.
[   15.546753] cloud-init[935]: The key fingerprint is:
[   15.546840] cloud-init[935]: SHA256:JMU0wC7z89EarQL4H+6PpuMY77zcrT8Xf5VNGAmKyjY root@ubuntu-xenial
[   15.547028] cloud-init[935]: The key's randomart image is:
[   15.547117] cloud-init[935]: +--[ED25519 256]--+
[   15.547208] cloud-init[935]: |     ..++   .. . |
[   15.547300] cloud-init[935]: |      ...o .  o  |
         Starting LXD - unix socket.
         Starting Socket activation for snappy daemon.[   15.547568] cloud-init[935]: |     .. o .    o |
[   15.881103] cloud-init[935]: |    o..+      . .|
[   15.881159] cloud-init[935]: |   . +E So     .o|
[   15.881247] cloud-init[935]: |  . ..o.o +    .o|
[   15.881362] cloud-init[935]: |  .. ..o = o   . |

[[   15.881581] cloud-init[935]: |   *ooo+= . . .  |
[   15.896084] cloud-init[935]: |  .oOBB=+o   .   |
[   15.896143] cloud-init[935]: +----[SHA256]-----+
[0;32m  OK  [0m] Started Daily apt download activities.
[[0;32m  OK  [0m] Listening on UUID daemon activation socket.
[[0;32m  OK  [0m] Started Daily Cleanup of Temporary Directories.
[[0;32m  OK  [0m] Listening on ACPID Listen Socket.
[[0;32m  OK  [0m] Started ACPI Events Check.
[[0;32m  OK  [0m] Reached target Paths.
[[0;32m  OK  [0m] Started Daily apt upgrade and clean activities.
[[0;32m  OK  [0m] Reached target Timers.
[[0;32m  OK  [0m] Listening on LXD - unix socket.
[[0;32m  OK  [0m] Listening on Socket activation for snappy daemon.
[[0;32m  OK  [0m] Started iSCSI initiator daemon (iscsid).
         Starting Login to default iSCSI targets...
[[0;32m  OK  [0m] Reached target Sockets.
[[0;32m  OK  [0m] Reached target Basic System.
         Starting Virtualbox guest utils...
         Starting Pollinate to seed the pseudo random number generator...
[[0;32m  OK  [0m] Started FUSE filesystem for LXC.
         Starting Snappy daemon...
         Starting LXD - container startup/shutdown...
         Starting /etc/rc.local Compatibility...
         Starting System Logging Service...
[[0;32m  OK  [0m] Started D-Bus System Message Bus.
[[0;32m  OK  [0m] Started ACPI event daemon.
[[0;32m  OK  [0m] Started Regular background program processing daemon.
         Starting Login Service...
         Starting LSB: Record successful boot for GRUB...
[[0;32m  OK  [0m] Started Deferred execution scheduler.
[[0;32m  OK  [0m] Started Unattended Upgrades Shutdown.
         Starting LSB: MD monitoring daemon...
         Starting Accounts Service...
[[0;32m  OK  [0m] Started System Logging Service.
[[0;32m  OK  [0m] Started /etc/rc.local Compatibility.
[[0;32m  OK  [0m] Started LXD - container startup/shutdown.
[[0;32m  OK  [0m] Started Login to default iSCSI targets.
[[0;32m  OK  [0m] Started LSB: MD monitoring daemon.
[[0;32m  OK  [0m] Started LSB: Record successful boot for GRUB.
[[0;32m  OK  [0m] Started Login Service.
         Starting Authenticate and Authorize Users to Run Privileged Tasks...
[[0;32m  OK  [0m] Reached target Remote File Systems (Pre).
[[0;32m  OK  [0m] Reached target Remote File Systems.
         Starting LSB: daemon to balance interrupts for SMP systems...
         Starting LSB: Set the CPU Frequency Scaling governor to "ondemand"...
         Starting LSB: automatic crash report generation...
         Starting Permit User Sessions...
[[0;32m  OK  [0m] Started Snappy daemon.
[[0;32m  OK  [0m] Started Virtualbox guest utils.
[[0;32m  OK  [0m] Started Permit User Sessions.
[[0;32m  OK  [0m] Started Authenticate and Authorize Users to Run Privileged Tasks.
[[0;32m  OK  [0m] Started Accounts Service.
[[0;32m  OK  [0m] Started LSB: Set the CPU Frequency Scaling governor to "ondemand".
         Starting Hold until boot process finishes up...
         Starting Terminate Plymouth Boot Screen...
         Starting Wait until snapd is fully seeded...
[[0;32m  OK  [0m] Started LSB: daemon to balance interrupts for SMP systems.
[[0;32m  OK  [0m] Started LSB: automatic crash report generation.
[[0;32m  OK  [0m] Started Hold until boot process finishes up.
[[0;32m  OK  [0m] Started Terminate Plymouth Boot Screen.
[[0;32m  OK  [0m] Started Getty on tty1.
[[0;32m  OK  [0m] Started Serial Getty on ttyS0.
[[0;32m  OK  [0m] Reached target Login Prompts.
         Starting Set console scheme...
[[0;32m  OK  [0m] Started Set console scheme.
[[0;32m  OK  [0m] Started Pollinate to seed the pseudo random number generator.
         Starting OpenBSD Secure Shell server...
[[0;32m  OK  [0m] Started OpenBSD Secure Shell server.
[[0;32m  OK  [0m] Started Wait until snapd is fully seeded.
         Starting Apply the settings specified in cloud-config...
[[0;32m  OK  [0m] Reached target Multi-User System.
[[0;32m  OK  [0m] Reached target Graphical Interface.
         Starting Update UTMP about System Runlevel Changes...
[[0;32m  OK  [0m] Started Update UTMP about System Runlevel Changes.
[   18.265022] cloud-init[1257]: Generating locales (this might take a while)...
[[0;32m  OK  [0m] Created slice User Slice of vagrant.
         Starting User Manager for UID 1000...
[[0;32m  OK  [0m] Started User Manager for UID 1000.
[[0;32m  OK  [0m] Started Session 1 of user vagrant.
[   18.768612] cloud-init[1257]:   en_US.UTF-8... done
[   18.769444] cloud-init[1257]: Generation complete.
[   19.013273] cloud-init[1257]: Cloud-init v. 18.3-9-g2e62cb8a-0ubuntu1~16.04.2 running 'modules:config' at Mon, 22 Jul 2019 14:03:49 +0000. Up 18.18 seconds.
[[0;32m  OK  [0m] Started Apply the settings specified in cloud-config.
         Starting Execute cloud user/final scripts...
ci-info: no authorized ssh keys fingerprints found for user ubuntu.
<14>Jul 22 14:03:50 ec2: 
<14>Jul 22 14:03:50 ec2: #############################################################
<14>Jul 22 14:03:50 ec2: -----BEGIN SSH HOST KEY FINGERPRINTS-----
<14>Jul 22 14:03:50 ec2: 1024 SHA256:anIykbzEyzdny9ks0sj0zyZCn1NowpLzvyu7vBq5yH8 root@ubuntu-xenial (DSA)
<14>Jul 22 14:03:50 ec2: 256 SHA256:5olvlX2B91ows8T07TRk+rE42fDlToK0DvUN1NTkd0k root@ubuntu-xenial (ECDSA)
<14>Jul 22 14:03:50 ec2: 256 SHA256:JMU0wC7z89EarQL4H+6PpuMY77zcrT8Xf5VNGAmKyjY root@ubuntu-xenial (ED25519)
<14>Jul 22 14:03:50 ec2: 2048 SHA256:zX4Zn+7mzsqDUp8UIeNU4INcmmYWe2TjhnZBzwqwe/c root@ubuntu-xenial (RSA)
<14>Jul 22 14:03:50 ec2: -----END SSH HOST KEY FINGERPRINTS-----
<14>Jul 22 14:03:50 ec2: #############################################################
-----BEGIN SSH HOST KEY KEYS-----
ecdsa-sha2-nistp256 AAAAE2VjZHNhLXNoYTItbmlzdHAyNTYAAAAIbmlzdHAyNTYAAABBBGRdeDZHoO/H2ZMeiWOOhXsUEjR8Aq7kn1qNQOVUdylOlzxRIw5JppspNA+gzwfF8BKtKIk2+FRyJZeDUhD4uAw= root@ubuntu-xenial
ssh-ed25519 AAAAC3NzaC1lZDI1NTE5AAAAIDOEDULfWAaCKHlJ0nK8wa4LpsYDOtgExzH89lrhm5wV root@ubuntu-xenial
ssh-rsa AAAAB3NzaC1yc2EAAAADAQABAAABAQC0/4D7Ado2thy3RJlH0mrUDMNdFSaw3VBF7SO10ieXT2G+7fKlMVej9fHWmIM6FQTqZ9Wfl1nxMIihiwxRpa4MzT1Ixoegr6hKitaARM7KO8yjcE8hDTEHCGpMIv6302Rr5T0TOsFGNWTyHK50Z4AWodum3VI32DDaOZMoOZP9OTn7NJ5CPw+jSIf3z3fXP5Im1hYDp2idFO6xzxY3z0pAuH7p7anxGH3G04Of2yhSnHNNV5f68wcrt31KoL8FbkpyWgCTfLWegYnVc+SCKTA4Ka30fashMCM5sZ6IfyaFdJUYi+Izf4n92IZA4M4lWIfY9CEdtkOe4K8pehGjfM2L root@ubuntu-xenial
-----END SSH HOST KEY KEYS-----
[   19.713875] cloud-init[1370]: Cloud-init v. 18.3-9-g2e62cb8a-0ubuntu1~16.04.2 running 'modules:final' at Mon, 22 Jul 2019 14:03:50 +0000. Up 19.35 seconds.
[   19.763720] cloud-init[1370]: ci-info: no authorized ssh keys fingerprints found for user ubuntu.
[   19.763895] cloud-init[1370]: Cloud-init v. 18.3-9-g2e62cb8a-0ubuntu1~16.04.2 finished at Mon, 22 Jul 2019 14:03:50 +0000. Datasource DataSourceNoCloud [seed=/dev/sdb][dsmode=net].  Up 19.70 seconds
[[0;32m  OK  [0m] Started Execute cloud user/final scripts.
[[0;32m  OK  [0m] Reached target Cloud-init target.

Ubuntu 16.04.5 LTS ubuntu-xenial ttyS0

ubuntu-xenial login:          Stopping PixelPerfect Web Server...
[  OK  ] Stoppedt[  OK  ] Unmounted /var/lib/lxcfs.
[  OK  ] Stopped Snappy daemon.
[  OK  ] Stopped System Logging Service.
[  OK  ] Stopped ACPI event daemon.
[  OK  ] Stopped Regular background program processing daemon.
[  OK  ] Stopped Deferred execution scheduler.
[  OK  ] Stopped Accounts Service.
[  OK  ] Stopped Authenticate and Authorize Users to Run Privileged Tasks.
[  OK  ] Stopped Getty on tty1.
[  OK  ] Stopped Serial Getty on ttyS0.
[  OK  ] Stopped OpenBSD Secure Shell server.
[  OK  ] Stopped User Manager for UID 1000.
[  OK  ] Stopped Session 1 of user vagrant.
[  OK  ] Stopped Daemon for generating UUIDs.
[  OK  ] Stopped PixelPerfect Web Server.
[  OK  ] Stopped vboxadd-service.service.
[  OK  ] Stopped D-Bus System Message Bus.
[  OK  ] Stopped Unattended Upgrades Shutdown.
[  OK  ] Stopped Session 27 of user vagrant.
[  OK  ] Stopped FUSE filesystem for LXC.
[  OK  ] Stopped LXD - container startup/shutdown.
[  OK  ] Stopped LSB: MD monitoring daemon.
[  OK  ] Stopped LSB: Set the CPU Frequency Scaling governor to "ondemand".
[  OK  ] Stopped LSB: Record successful boot for GRUB.
[  OK  ] Stopped LSB: daemon to balance interrupts for SMP systems.
[  OK  ] Stopped LSB: automatic crash report generation.
         Stopping vboxadd.service...
[  OK  ] Removed slice User Slice of vagrant.
         Stopping Login Service...
[  OK  ] Removed slice system-serial\x2dgetty.slice.
[  OK  ] Stopped /etc/rc.local Compatibility.
         Stopping Permit User Sessions...
[  OK  ] Removed slice system-getty.slice.
[  OK  ] Unmounted /perfect-pixel-app.
[  OK  ] Stopped Login Service.
[  OK  ] Stopped vboxadd.service.
[  OK  ] Stopped Permit User Sessions.
[  OK  ] Stopped target Remote File Systems.
[  OK  ] Stopped target Remote File Systems (Pre).
         Stopping Login to default iSCSI targets...
[  OK  ] Stopped target User and Group Name Lookups.
[  OK  ] Stopped MySQL Community Server.
[  OK  ] Stopped target Basic System.
[  OK  ] Stopped target Slices.
[  OK  ] Removed slice User and Session Slice.
[  OK  ] Stopped target Paths.
[  OK  ] Stopped Dispatch Password Requests to Console Directory Watch.
[  OK  ] Stopped Forward Password Requests to Wall Directory Watch.
[  OK  ] Stopped ACPI Events Check.
[  OK  ] Stopped target Sockets.
[  OK  ] Closed UUID daemon activation socket.
[  OK  ] Closed LXD - unix socket.
[  OK  ] Closed Syslog Socket.
[  OK  ] Closed ACPID Listen Socket.
[  OK  ] Closed D-Bus System Message Bus Socket.
[  OK  ] Closed Socket activation for snappy daemon.
[  OK  ] Stopped target System Initialization.
[  OK  ] Stopped Create Volatile Files and Directories.
[  OK  ] Stopped target Encrypted Volumes.
         Stopping Load/Save Random Seed...
[  OK  ] Stopped target Swap.
[  OK  ] Stopped Commit a transient machine-id on disk.
[  OK  ] Stopped Login to default iSCSI targets.
[  OK  ] Stopped Load/Save Random Seed.
         Stopping iSCSI initiator daemon (iscsid)...
[  OK  ] Stopped iSCSI initiator daemon (iscsid).
[  OK  ] Stopped target Network is Online.
[  OK  ] Stopped Initial cloud-init job (metadata service crawler).
[  OK  ] Stopped target Network.
         Stopping Raise network interfaces...
[  OK  ] Stopped Raise network interfaces.
[  OK  ] Stopped target Network (Pre).
[  OK  ] Stopped Initial cloud-init job (pre-networking).
[  OK  ] Stopped target Local File Systems.
         Unmounting /run/user/1000...
[  OK  ] Stopped Apply Kernel Variables.
[  OK  ] Stopped Load Kernel Modules.
[  OK  ] Unmounted /run/user/1000.
[  OK  ] Reached target Unmount All Filesystems.
[  OK  ] Stopped target Local File Systems (Pre).
[  OK  ] Stopped Remount Root and Kernel File Systems.
[  OK  ] Stopped Create Static Device Nodes in /dev.
[  OK  ] Reached target Shutdown.
[106.421 root: Power down

